<?xml version="1.0" encoding="UTF-8"?>
<!-- Generated by org.testng.reporters.JUnitReportReporter -->
<testsuite hostname="Shalinis-MacBook-Pro.local" failures="0" tests="2" name="com.bschool.chats.bschoolAndroid.tests.EventPageTest" time="50.129" errors="1" timestamp="2023-12-12T11:32:13 IST" skipped="0">
  <testcase classname="com.bschool.chats.bschoolAndroid.tests.EventPageTest" name="eventPage_displayedTest" time="50.083"/>
  <testcase classname="com.bschool.chats.bschoolAndroid.tests.EventPageTest" name="sendReports" time="0.046">
    <error message="Given directory &#039;/Users/shalinigupta/Desktop/Automation Projects/Frameworks_Skeletons/Appium_POM_JAVA/bSchoolAndroid-master/reports&#039; doesn&#039;t contain any files!" type="org.zeroturnaround.zip.ZipException">
      <![CDATA[org.zeroturnaround.zip.ZipException: Given directory '/Users/shalinigupta/Desktop/Automation Projects/Frameworks_Skeletons/Appium_POM_JAVA/bSchoolAndroid-master/reports' doesn't contain any files!
at org.zeroturnaround.zip.ZipUtil.pack(ZipUtil.java:1755)
at org.zeroturnaround.zip.ZipUtil.pack(ZipUtil.java:1622)
at org.zeroturnaround.zip.ZipUtil.pack(ZipUtil.java:1413)
at org.zeroturnaround.zip.ZipUtil.pack(ZipUtil.java:1396)
at com.bschool.chats.bschoolAndroid.TestComponents.BaseTestBS.sendEmail(BaseTestBS.java:203)
at com.bschool.chats.bschoolAndroid.TestComponents.BaseTestBS.sendReports(BaseTestBS.java:162)
at java.base/jdk.internal.reflect.NativeMethodAccessorImpl.invoke0(Native Method)
at java.base/jdk.internal.reflect.NativeMethodAccessorImpl.invoke(NativeMethodAccessorImpl.java:77)
at java.base/jdk.internal.reflect.DelegatingMethodAccessorImpl.invoke(DelegatingMethodAccessorImpl.java:43)
at java.base/java.lang.reflect.Method.invoke(Method.java:568)
at org.testng.internal.invokers.MethodInvocationHelper.invokeMethod(MethodInvocationHelper.java:139)
at org.testng.internal.invokers.MethodInvocationHelper.invokeMethodConsideringTimeout(MethodInvocationHelper.java:69)
at org.testng.internal.invokers.ConfigInvoker.invokeConfigurationMethod(ConfigInvoker.java:390)
at org.testng.internal.invokers.ConfigInvoker.invokeConfigurations(ConfigInvoker.java:325)
at org.testng.SuiteRunner.privateRun(SuiteRunner.java:410)
at org.testng.SuiteRunner.run(SuiteRunner.java:336)
at org.testng.SuiteRunnerWorker.runSuite(SuiteRunnerWorker.java:52)
at org.testng.SuiteRunnerWorker.run(SuiteRunnerWorker.java:95)
at org.testng.TestNG.runSuitesSequentially(TestNG.java:1280)
at org.testng.TestNG.runSuitesLocally(TestNG.java:1200)
at org.testng.TestNG.runSuites(TestNG.java:1114)
at org.testng.TestNG.run(TestNG.java:1082)
at org.testng.remote.AbstractRemoteTestNG.run(AbstractRemoteTestNG.java:115)
at org.testng.remote.RemoteTestNG.initAndRun(RemoteTestNG.java:251)
at org.testng.remote.RemoteTestNG.main(RemoteTestNG.java:77)
]]>
    </error>
  </testcase> <!-- sendReports -->
</testsuite> <!-- com.bschool.chats.bschoolAndroid.tests.EventPageTest -->
